Analysis & Synthesis report for CPU
Sat Jan 02 13:54:55 2021
Quartus II Version 9.0 Build 184 04/29/2009 Service Pack 1 SJ Web Edition


---------------------
; Table of Contents ;
---------------------
  1. Legal Notice
  2. Analysis & Synthesis Summary
  3. Analysis & Synthesis Settings
  4. Analysis & Synthesis Source Files Read
  5. Analysis & Synthesis Resource Usage Summary
  6. Analysis & Synthesis Resource Utilization by Entity
  7. Analysis & Synthesis RAM Summary
  8. General Register Statistics
  9. Inverted Register Statistics
 10. Multiplexer Restructuring Statistics (Restructuring Performed)
 11. Source assignments for LPM_RAM_IO:inst4|altram:sram|altsyncram:ram_block|altsyncram_4591:auto_generated
 12. Parameter Settings for User Entity Instance: LPM_RAM_IO:inst4
 13. Analysis & Synthesis Messages



----------------
; Legal Notice ;
----------------
Copyright (C) 1991-2009 Altera Corporation
Your use of Altera Corporation's design tools, logic functions 
and other software and tools, and its AMPP partner logic 
functions, and any output files from any of the foregoing 
(including device programming or simulation files), and any 
associated documentation or information are expressly subject 
to the terms and conditions of the Altera Program License 
Subscription Agreement, Altera MegaCore Function License 
Agreement, or other applicable license agreement, including, 
without limitation, that your use is for the sole purpose of 
programming logic devices manufactured by Altera and sold by 
Altera or its authorized distributors.  Please refer to the 
applicable agreement for further details.



+----------------------------------------------------------------------------+
; Analysis & Synthesis Summary                                               ;
+-----------------------------+----------------------------------------------+
; Analysis & Synthesis Status ; Successful - Sat Jan 02 13:54:55 2021        ;
; Quartus II Version          ; 9.0 Build 184 04/29/2009 SP 1 SJ Web Edition ;
; Revision Name               ; CPU                                          ;
; Top-level Entity Name       ; CPU                                          ;
; Family                      ; Cyclone                                      ;
; Total logic elements        ; 267                                          ;
; Total pins                  ; 55                                           ;
; Total virtual pins          ; 0                                            ;
; Total memory bits           ; 2,048                                        ;
; Total PLLs                  ; 0                                            ;
+-----------------------------+----------------------------------------------+


+--------------------------------------------------------------------------------------------------------+
; Analysis & Synthesis Settings                                                                          ;
+--------------------------------------------------------------+--------------------+--------------------+
; Option                                                       ; Setting            ; Default Value      ;
+--------------------------------------------------------------+--------------------+--------------------+
; Device                                                       ; EP1C3T100C8        ;                    ;
; Top-level entity name                                        ; CPU                ; CPU                ;
; Family name                                                  ; Cyclone            ; Stratix II         ;
; Use Generated Physical Constraints File                      ; Off                ;                    ;
; Use smart compilation                                        ; Off                ; Off                ;
; Restructure Multiplexers                                     ; Auto               ; Auto               ;
; Create Debugging Nodes for IP Cores                          ; Off                ; Off                ;
; Preserve fewer node names                                    ; On                 ; On                 ;
; Disable OpenCore Plus hardware evaluation                    ; Off                ; Off                ;
; Verilog Version                                              ; Verilog_2001       ; Verilog_2001       ;
; VHDL Version                                                 ; VHDL93             ; VHDL93             ;
; State Machine Processing                                     ; Auto               ; Auto               ;
; Safe State Machine                                           ; Off                ; Off                ;
; Extract Verilog State Machines                               ; On                 ; On                 ;
; Extract VHDL State Machines                                  ; On                 ; On                 ;
; Ignore Verilog initial constructs                            ; Off                ; Off                ;
; Iteration limit for constant Verilog loops                   ; 5000               ; 5000               ;
; Iteration limit for non-constant Verilog loops               ; 250                ; 250                ;
; Add Pass-Through Logic to Inferred RAMs                      ; On                 ; On                 ;
; Parallel Synthesis                                           ; Off                ; Off                ;
; NOT Gate Push-Back                                           ; On                 ; On                 ;
; Power-Up Don't Care                                          ; On                 ; On                 ;
; Remove Redundant Logic Cells                                 ; Off                ; Off                ;
; Remove Duplicate Registers                                   ; On                 ; On                 ;
; Ignore CARRY Buffers                                         ; Off                ; Off                ;
; Ignore CASCADE Buffers                                       ; Off                ; Off                ;
; Ignore GLOBAL Buffers                                        ; Off                ; Off                ;
; Ignore ROW GLOBAL Buffers                                    ; Off                ; Off                ;
; Ignore LCELL Buffers                                         ; Off                ; Off                ;
; Ignore SOFT Buffers                                          ; On                 ; On                 ;
; Limit AHDL Integers to 32 Bits                               ; Off                ; Off                ;
; Optimization Technique                                       ; Balanced           ; Balanced           ;
; Carry Chain Length                                           ; 70                 ; 70                 ;
; Auto Carry Chains                                            ; On                 ; On                 ;
; Auto Open-Drain Pins                                         ; On                 ; On                 ;
; Perform WYSIWYG Primitive Resynthesis                        ; Off                ; Off                ;
; Auto ROM Replacement                                         ; On                 ; On                 ;
; Auto RAM Replacement                                         ; On                 ; On                 ;
; Auto Shift Register Replacement                              ; Auto               ; Auto               ;
; Auto Clock Enable Replacement                                ; On                 ; On                 ;
; Strict RAM Replacement                                       ; Off                ; Off                ;
; Allow Synchronous Control Signals                            ; On                 ; On                 ;
; Force Use of Synchronous Clear Signals                       ; Off                ; Off                ;
; Auto RAM Block Balancing                                     ; On                 ; On                 ;
; Auto RAM to Logic Cell Conversion                            ; Off                ; Off                ;
; Auto Resource Sharing                                        ; Off                ; Off                ;
; Allow Any RAM Size For Recognition                           ; Off                ; Off                ;
; Allow Any ROM Size For Recognition                           ; Off                ; Off                ;
; Allow Any Shift Register Size For Recognition                ; Off                ; Off                ;
; Use LogicLock Constraints during Resource Balancing          ; On                 ; On                 ;
; Ignore translate_off and synthesis_off directives            ; Off                ; Off                ;
; Show Parameter Settings Tables in Synthesis Report           ; On                 ; On                 ;
; Ignore Maximum Fan-Out Assignments                           ; Off                ; Off                ;
; Synchronization Register Chain Length                        ; 2                  ; 2                  ;
; PowerPlay Power Optimization                                 ; Normal compilation ; Normal compilation ;
; HDL message level                                            ; Level2             ; Level2             ;
; Suppress Register Optimization Related Messages              ; Off                ; Off                ;
; Number of Removed Registers Reported in Synthesis Report     ; 100                ; 100                ;
; Number of Inverted Registers Reported in Synthesis Report    ; 100                ; 100                ;
; Clock MUX Protection                                         ; On                 ; On                 ;
; Block Design Naming                                          ; Auto               ; Auto               ;
; Synthesis Effort                                             ; Auto               ; Auto               ;
; Shift Register Replacement - Allow Asynchronous Clear Signal ; On                 ; On                 ;
; Analysis & Synthesis Message Level                           ; Medium             ; Medium             ;
+--------------------------------------------------------------+--------------------+--------------------+


+---------------------------------------------------------------------------------------------------------------------------------------------------------------------------------------------------------------------+
; Analysis & Synthesis Source Files Read                                                                                                                                                                              ;
+------------------------------------+-----------------+------------------------------------+-------------------------------------------------------------------------------------------------------------------------+
; File Name with User-Entered Path   ; Used in Netlist ; File Type                          ; File Name with Absolute Path                                                                                            ;
+------------------------------------+-----------------+------------------------------------+-------------------------------------------------------------------------------------------------------------------------+
; block_vhd/Cf_dff.vhd               ; yes             ; User VHDL File                     ; C:/Users/86150/Desktop/mylearn/vscode-c++/logic and computer design fundamentals/CPU/block_vhd/Cf_dff.vhd               ;
; block_vhd/Zf_dff.vhd               ; yes             ; User VHDL File                     ; C:/Users/86150/Desktop/mylearn/vscode-c++/logic and computer design fundamentals/CPU/block_vhd/Zf_dff.vhd               ;
; CPU.bdf                            ; yes             ; User Block Diagram/Schematic File  ; C:/Users/86150/Desktop/mylearn/vscode-c++/logic and computer design fundamentals/CPU/CPU.bdf                            ;
; block_vhd/alu.vhd                  ; yes             ; User VHDL File                     ; C:/Users/86150/Desktop/mylearn/vscode-c++/logic and computer design fundamentals/CPU/block_vhd/alu.vhd                  ;
; block_vhd/cmddecoder.vhd           ; yes             ; User VHDL File                     ; C:/Users/86150/Desktop/mylearn/vscode-c++/logic and computer design fundamentals/CPU/block_vhd/cmddecoder.vhd           ;
; block_vhd/general_registers.vhd    ; yes             ; User VHDL File                     ; C:/Users/86150/Desktop/mylearn/vscode-c++/logic and computer design fundamentals/CPU/block_vhd/general_registers.vhd    ;
; block_vhd/instruction_register.vhd ; yes             ; User VHDL File                     ; C:/Users/86150/Desktop/mylearn/vscode-c++/logic and computer design fundamentals/CPU/block_vhd/instruction_register.vhd ;
; block_vhd/mux_8_3_1.vhd            ; yes             ; User VHDL File                     ; C:/Users/86150/Desktop/mylearn/vscode-c++/logic and computer design fundamentals/CPU/block_vhd/mux_8_3_1.vhd            ;
; block_vhd/program_counter.vhd      ; yes             ; User VHDL File                     ; C:/Users/86150/Desktop/mylearn/vscode-c++/logic and computer design fundamentals/CPU/block_vhd/program_counter.vhd      ;
; block_vhd/rslogic.vhd              ; yes             ; User VHDL File                     ; C:/Users/86150/Desktop/mylearn/vscode-c++/logic and computer design fundamentals/CPU/block_vhd/rslogic.vhd              ;
; block_vhd/signal_generate.vhd      ; yes             ; User VHDL File                     ; C:/Users/86150/Desktop/mylearn/vscode-c++/logic and computer design fundamentals/CPU/block_vhd/signal_generate.vhd      ;
; block_vhd/sm.vhd                   ; yes             ; User VHDL File                     ; C:/Users/86150/Desktop/mylearn/vscode-c++/logic and computer design fundamentals/CPU/block_vhd/sm.vhd                   ;
; block_vhd/twoin_xor.vhd            ; yes             ; User VHDL File                     ; C:/Users/86150/Desktop/mylearn/vscode-c++/logic and computer design fundamentals/CPU/block_vhd/twoin_xor.vhd            ;
; LPM_RAM_IO.tdf                     ; yes             ; Megafunction                       ; d:/quartus/libraries/megafunctions/LPM_RAM_IO.tdf                                                                       ;
; altram.inc                         ; yes             ; Megafunction                       ; d:/quartus/libraries/megafunctions/altram.inc                                                                           ;
; lpm_mux.inc                        ; yes             ; Megafunction                       ; d:/quartus/libraries/megafunctions/lpm_mux.inc                                                                          ;
; lpm_decode.inc                     ; yes             ; Megafunction                       ; d:/quartus/libraries/megafunctions/lpm_decode.inc                                                                       ;
; aglobal90.inc                      ; yes             ; Megafunction                       ; d:/quartus/libraries/megafunctions/aglobal90.inc                                                                        ;
; altram.tdf                         ; yes             ; Megafunction                       ; d:/quartus/libraries/megafunctions/altram.tdf                                                                           ;
; memmodes.inc                       ; yes             ; Megafunction                       ; d:/quartus/libraries/others/maxplus2/memmodes.inc                                                                       ;
; altsyncram.inc                     ; yes             ; Megafunction                       ; d:/quartus/libraries/megafunctions/altsyncram.inc                                                                       ;
; altqpram.inc                       ; yes             ; Megafunction                       ; d:/quartus/libraries/megafunctions/altqpram.inc                                                                         ;
; altsyncram.tdf                     ; yes             ; Megafunction                       ; d:/quartus/libraries/megafunctions/altsyncram.tdf                                                                       ;
; stratix_ram_block.inc              ; yes             ; Megafunction                       ; d:/quartus/libraries/megafunctions/stratix_ram_block.inc                                                                ;
; a_rdenreg.inc                      ; yes             ; Megafunction                       ; d:/quartus/libraries/megafunctions/a_rdenreg.inc                                                                        ;
; altrom.inc                         ; yes             ; Megafunction                       ; d:/quartus/libraries/megafunctions/altrom.inc                                                                           ;
; altdpram.inc                       ; yes             ; Megafunction                       ; d:/quartus/libraries/megafunctions/altdpram.inc                                                                         ;
; db/altsyncram_4591.tdf             ; yes             ; Auto-Generated Megafunction        ; C:/Users/86150/Desktop/mylearn/vscode-c++/logic and computer design fundamentals/CPU/db/altsyncram_4591.tdf             ;
+------------------------------------+-----------------+------------------------------------+-------------------------------------------------------------------------------------------------------------------------+


+-----------------------------------------------------+
; Analysis & Synthesis Resource Usage Summary         ;
+---------------------------------------------+-------+
; Resource                                    ; Usage ;
+---------------------------------------------+-------+
; Total logic elements                        ; 267   ;
;     -- Combinational with no register       ; 224   ;
;     -- Register only                        ; 29    ;
;     -- Combinational with a register        ; 14    ;
;                                             ;       ;
; Logic element usage by number of LUT inputs ;       ;
;     -- 4 input functions                    ; 154   ;
;     -- 3 input functions                    ; 59    ;
;     -- 2 input functions                    ; 18    ;
;     -- 1 input functions                    ; 7     ;
;     -- 0 input functions                    ; 0     ;
;                                             ;       ;
; Logic elements by mode                      ;       ;
;     -- normal mode                          ; 236   ;
;     -- arithmetic mode                      ; 31    ;
;     -- qfbk mode                            ; 0     ;
;     -- register cascade mode                ; 0     ;
;     -- synchronous clear/load mode          ; 8     ;
;     -- asynchronous clear/load mode         ; 0     ;
;                                             ;       ;
; Total registers                             ; 43    ;
; Total logic cells in carry chains           ; 35    ;
; I/O pins                                    ; 55    ;
; Total memory bits                           ; 2048  ;
; Maximum fan-out node                        ; clk   ;
; Maximum fan-out                             ; 51    ;
; Total fan-out                               ; 1106  ;
; Average fan-out                             ; 3.35  ;
+---------------------------------------------+-------+


+-----------------------------------------------------------------------------------------------------------------------------------------------------------------------------------------------------------------------------------------------------------------------------------------------------------+
; Analysis & Synthesis Resource Utilization by Entity                                                                                                                                                                                                                                                       ;
+----------------------------------------------+-------------+--------------+-------------+------+--------------+--------------+-------------------+------------------+-----------------+------------+---------------------------------------------------------------------------------------+--------------+
; Compilation Hierarchy Node                   ; Logic Cells ; LC Registers ; Memory Bits ; Pins ; Virtual Pins ; LUT-Only LCs ; Register-Only LCs ; LUT/Register LCs ; Carry Chain LCs ; Packed LCs ; Full Hierarchy Name                                                                   ; Library Name ;
+----------------------------------------------+-------------+--------------+-------------+------+--------------+--------------+-------------------+------------------+-----------------+------------+---------------------------------------------------------------------------------------+--------------+
; |CPU                                         ; 267 (25)    ; 43           ; 2048        ; 55   ; 0            ; 224 (25)     ; 29 (0)            ; 14 (0)           ; 35 (0)          ; 0 (0)      ; |CPU                                                                                  ; work         ;
;    |Cf_dff:inst16|                           ; 1 (1)       ; 1            ; 0           ; 0    ; 0            ; 0 (0)        ; 0 (0)             ; 1 (1)            ; 0 (0)           ; 0 (0)      ; |CPU|Cf_dff:inst16                                                                    ; work         ;
;    |Zf_dff:inst17|                           ; 1 (1)       ; 1            ; 0           ; 0    ; 0            ; 0 (0)        ; 0 (0)             ; 1 (1)            ; 0 (0)           ; 0 (0)      ; |CPU|Zf_dff:inst17                                                                    ; work         ;
;    |alu:inst1|                               ; 81 (81)     ; 0            ; 0           ; 0    ; 0            ; 81 (81)      ; 0 (0)             ; 0 (0)            ; 27 (27)         ; 0 (0)      ; |CPU|alu:inst1                                                                        ; work         ;
;    |cmddecoder:inst2|                        ; 15 (15)     ; 0            ; 0           ; 0    ; 0            ; 15 (15)      ; 0 (0)             ; 0 (0)            ; 0 (0)           ; 0 (0)      ; |CPU|cmddecoder:inst2                                                                 ; work         ;
;    |general_registers:inst19|                ; 60 (60)     ; 24           ; 0           ; 0    ; 0            ; 36 (36)      ; 21 (21)           ; 3 (3)            ; 0 (0)           ; 0 (0)      ; |CPU|general_registers:inst19                                                         ; work         ;
;    |instruction_register:inst|               ; 8 (8)       ; 8            ; 0           ; 0    ; 0            ; 0 (0)        ; 8 (8)             ; 0 (0)            ; 0 (0)           ; 0 (0)      ; |CPU|instruction_register:inst                                                        ; work         ;
;    |lpm_ram_io:inst4|                        ; 1 (1)       ; 0            ; 2048        ; 0    ; 0            ; 1 (1)        ; 0 (0)             ; 0 (0)            ; 0 (0)           ; 0 (0)      ; |CPU|lpm_ram_io:inst4                                                                 ; work         ;
;       |altram:sram|                          ; 0 (0)       ; 0            ; 2048        ; 0    ; 0            ; 0 (0)        ; 0 (0)             ; 0 (0)            ; 0 (0)           ; 0 (0)      ; |CPU|lpm_ram_io:inst4|altram:sram                                                     ; work         ;
;          |altsyncram:ram_block|              ; 0 (0)       ; 0            ; 2048        ; 0    ; 0            ; 0 (0)        ; 0 (0)             ; 0 (0)            ; 0 (0)           ; 0 (0)      ; |CPU|lpm_ram_io:inst4|altram:sram|altsyncram:ram_block                                ; work         ;
;             |altsyncram_4591:auto_generated| ; 0 (0)       ; 0            ; 2048        ; 0    ; 0            ; 0 (0)        ; 0 (0)             ; 0 (0)            ; 0 (0)           ; 0 (0)      ; |CPU|lpm_ram_io:inst4|altram:sram|altsyncram:ram_block|altsyncram_4591:auto_generated ; work         ;
;    |mux_8_3_1:inst6|                         ; 16 (16)     ; 0            ; 0           ; 0    ; 0            ; 16 (16)      ; 0 (0)             ; 0 (0)            ; 0 (0)           ; 0 (0)      ; |CPU|mux_8_3_1:inst6                                                                  ; work         ;
;    |program_counter:inst7|                   ; 10 (10)     ; 8            ; 0           ; 0    ; 0            ; 2 (2)        ; 0 (0)             ; 8 (8)            ; 8 (8)           ; 0 (0)      ; |CPU|program_counter:inst7                                                            ; work         ;
;    |rslogic:inst10|                          ; 20 (20)     ; 0            ; 0           ; 0    ; 0            ; 20 (20)      ; 0 (0)             ; 0 (0)            ; 0 (0)           ; 0 (0)      ; |CPU|rslogic:inst10                                                                   ; work         ;
;    |signal_generate:inst11|                  ; 24 (24)     ; 0            ; 0           ; 0    ; 0            ; 24 (24)      ; 0 (0)             ; 0 (0)            ; 0 (0)           ; 0 (0)      ; |CPU|signal_generate:inst11                                                           ; work         ;
;    |sm:inst12|                               ; 4 (4)       ; 1            ; 0           ; 0    ; 0            ; 3 (3)        ; 0 (0)             ; 1 (1)            ; 0 (0)           ; 0 (0)      ; |CPU|sm:inst12                                                                        ; work         ;
;    |twoin_xor:inst14|                        ; 1 (1)       ; 0            ; 0           ; 0    ; 0            ; 1 (1)        ; 0 (0)             ; 0 (0)            ; 0 (0)           ; 0 (0)      ; |CPU|twoin_xor:inst14                                                                 ; work         ;
+----------------------------------------------+-------------+--------------+-------------+------+--------------+--------------+-------------------+------------------+-----------------+------------+---------------------------------------------------------------------------------------+--------------+
Note: For table entries with two numbers listed, the numbers in parentheses indicate the number of resources of the given type used by the specific entity alone. The numbers listed outside of parentheses indicate the total resources of the given type used by the specific entity and all of its sub-entities in the hierarchy.


+-----------------------------------------------------------------------------------------------------------------------------------------------------------------------------------------------+
; Analysis & Synthesis RAM Summary                                                                                                                                                              ;
+---------------------------------------------------------------------------------------------+------+-------------+--------------+--------------+--------------+--------------+------+---------+
; Name                                                                                        ; Type ; Mode        ; Port A Depth ; Port A Width ; Port B Depth ; Port B Width ; Size ; MIF     ;
+---------------------------------------------------------------------------------------------+------+-------------+--------------+--------------+--------------+--------------+------+---------+
; lpm_ram_io:inst4|altram:sram|altsyncram:ram_block|altsyncram_4591:auto_generated|ALTSYNCRAM ; AUTO ; Single Port ; 256          ; 8            ; --           ; --           ; 2048 ; ram.mif ;
+---------------------------------------------------------------------------------------------+------+-------------+--------------+--------------+--------------+--------------+------+---------+


+------------------------------------------------------+
; General Register Statistics                          ;
+----------------------------------------------+-------+
; Statistic                                    ; Value ;
+----------------------------------------------+-------+
; Total registers                              ; 43    ;
; Number of registers using Synchronous Clear  ; 0     ;
; Number of registers using Synchronous Load   ; 8     ;
; Number of registers using Asynchronous Clear ; 0     ;
; Number of registers using Asynchronous Load  ; 0     ;
; Number of registers using Clock Enable       ; 40    ;
; Number of registers using Preset             ; 0     ;
+----------------------------------------------+-------+


+--------------------------------------------------+
; Inverted Register Statistics                     ;
+----------------------------------------+---------+
; Inverted Register                      ; Fan out ;
+----------------------------------------+---------+
; general_registers:inst19|a[7]          ; 2       ;
; general_registers:inst19|b[6]          ; 2       ;
; general_registers:inst19|c[5]          ; 4       ;
; Total number of inverted registers = 3 ;         ;
+----------------------------------------+---------+


+----------------------------------------------------------------------------------------------------------------------------------------------------+
; Multiplexer Restructuring Statistics (Restructuring Performed)                                                                                     ;
+--------------------+-----------+---------------+----------------------+------------------------+------------+--------------------------------------+
; Multiplexer Inputs ; Bus Width ; Baseline Area ; Area if Restructured ; Saving if Restructured ; Registered ; Example Multiplexer Output           ;
+--------------------+-----------+---------------+----------------------+------------------------+------------+--------------------------------------+
; 3:1                ; 8 bits    ; 16 LEs        ; 8 LEs                ; 8 LEs                  ; Yes        ; |CPU|program_counter:inst7|adress[7] ;
; 3:1                ; 8 bits    ; 16 LEs        ; 16 LEs               ; 0 LEs                  ; No         ; |CPU|rslogic:inst10|outbus2[2]~12    ;
; 3:1                ; 10 bits   ; 20 LEs        ; 20 LEs               ; 0 LEs                  ; No         ; |CPU|alu:inst1|result[4]             ;
; 4:1                ; 8 bits    ; 16 LEs        ; 16 LEs               ; 0 LEs                  ; No         ; |CPU|mux_8_3_1:inst6|outputs[1]      ;
; 3:1                ; 8 bits    ; 16 LEs        ; 16 LEs               ; 0 LEs                  ; No         ; |CPU|general_registers:inst19|s[1]   ;
; 3:1                ; 8 bits    ; 16 LEs        ; 16 LEs               ; 0 LEs                  ; No         ; |CPU|general_registers:inst19|d[7]   ;
; 16:1               ; 8 bits    ; 80 LEs        ; 24 LEs               ; 56 LEs                 ; No         ; |CPU|alu:inst1|outbus[0]             ;
+--------------------+-----------+---------------+----------------------+------------------------+------------+--------------------------------------+


+---------------------------------------------------------------------------------------------------------+
; Source assignments for LPM_RAM_IO:inst4|altram:sram|altsyncram:ram_block|altsyncram_4591:auto_generated ;
+---------------------------------+--------------------+------+-------------------------------------------+
; Assignment                      ; Value              ; From ; To                                        ;
+---------------------------------+--------------------+------+-------------------------------------------+
; OPTIMIZE_POWER_DURING_SYNTHESIS ; NORMAL_COMPILATION ; -    ; -                                         ;
+---------------------------------+--------------------+------+-------------------------------------------+


+---------------------------------------------------------------+
; Parameter Settings for User Entity Instance: LPM_RAM_IO:inst4 ;
+------------------------+--------------+-----------------------+
; Parameter Name         ; Value        ; Type                  ;
+------------------------+--------------+-----------------------+
; LPM_WIDTH              ; 8            ; Signed Integer        ;
; LPM_WIDTHAD            ; 8            ; Signed Integer        ;
; LPM_NUMWORDS           ; 256          ; Signed Integer        ;
; LPM_INDATA             ; REGISTERED   ; Untyped               ;
; LPM_ADDRESS_CONTROL    ; REGISTERED   ; Untyped               ;
; LPM_OUTDATA            ; UNREGISTERED ; Untyped               ;
; LPM_FILE               ; ram.mif      ; Untyped               ;
; USE_EAB                ; ON           ; Untyped               ;
; DEVICE_FAMILY          ; Cyclone      ; Untyped               ;
; AUTO_CARRY_CHAINS      ; ON           ; AUTO_CARRY            ;
; IGNORE_CARRY_BUFFERS   ; OFF          ; IGNORE_CARRY          ;
; AUTO_CASCADE_CHAINS    ; ON           ; AUTO_CASCADE          ;
; IGNORE_CASCADE_BUFFERS ; OFF          ; IGNORE_CASCADE        ;
+------------------------+--------------+-----------------------+
Note: In order to hide this table in the UI and the text report file, please set the "Show Parameter Settings Tables in Synthesis Report" option in "Analysis and Synthesis Settings -> More Settings" to "Off".


+-------------------------------+
; Analysis & Synthesis Messages ;
+-------------------------------+
Info: *******************************************************************
Info: Running Quartus II Analysis & Synthesis
    Info: Version 9.0 Build 184 04/29/2009 Service Pack 1 SJ Web Edition
    Info: Processing started: Sat Jan 02 13:54:54 2021
Info: Command: quartus_map --read_settings_files=on --write_settings_files=off CPU -c CPU
Info: Found 2 design units, including 1 entities, in source file block_vhd/Cf_dff.vhd
    Info: Found design unit 1: Cf_dff-bhv
    Info: Found entity 1: Cf_dff
Info: Found 2 design units, including 1 entities, in source file block_vhd/Zf_dff.vhd
    Info: Found design unit 1: Zf_dff-bhv
    Info: Found entity 1: Zf_dff
Info: Found 1 design units, including 1 entities, in source file CPU.bdf
    Info: Found entity 1: CPU
Info: Found 2 design units, including 1 entities, in source file block_vhd/aca_4.vhd
    Info: Found design unit 1: aca_4-aca_4
    Info: Found entity 1: aca_4
Info: Found 2 design units, including 1 entities, in source file block_vhd/alu.vhd
    Info: Found design unit 1: alu-alu
    Info: Found entity 1: alu
Info: Found 2 design units, including 1 entities, in source file block_vhd/cmddecoder.vhd
    Info: Found design unit 1: cmddecoder-cmddecoder
    Info: Found entity 1: cmddecoder
Info: Found 2 design units, including 1 entities, in source file block_vhd/general_registers.vhd
    Info: Found design unit 1: general_registers-general_registers
    Info: Found entity 1: general_registers
Info: Found 2 design units, including 1 entities, in source file block_vhd/generic_mux_8_1.vhd
    Info: Found design unit 1: generic_mux_8_1-generic_mux_8_1
    Info: Found entity 1: generic_mux_8_1
Info: Found 2 design units, including 1 entities, in source file block_vhd/instruction_register.vhd
    Info: Found design unit 1: instruction_register-instruction_register
    Info: Found entity 1: instruction_register
Info: Found 2 design units, including 1 entities, in source file block_vhd/mux_8_3_1.vhd
    Info: Found design unit 1: mux_8_3_1-mux_8_3_1
    Info: Found entity 1: mux_8_3_1
Info: Found 2 design units, including 1 entities, in source file block_vhd/program_counter.vhd
    Info: Found design unit 1: program_counter-program_counter
    Info: Found entity 1: program_counter
Info: Found 1 design units, including 1 entities, in source file block_vhd/ram.bdf
    Info: Found entity 1: ram
Info: Found 2 design units, including 1 entities, in source file block_vhd/rca_4.vhd
    Info: Found design unit 1: rca_4-rca_4
    Info: Found entity 1: rca_4
Info: Found 2 design units, including 1 entities, in source file block_vhd/rslogic.vhd
    Info: Found design unit 1: rslogic-rslogic
    Info: Found entity 1: rslogic
Info: Found 2 design units, including 1 entities, in source file block_vhd/signal_generate.vhd
    Info: Found design unit 1: signal_generate-signal_generate
    Info: Found entity 1: signal_generate
Info: Found 2 design units, including 1 entities, in source file block_vhd/sm.vhd
    Info: Found design unit 1: sm-sm
    Info: Found entity 1: sm
Info: Found 2 design units, including 1 entities, in source file block_vhd/three_eightdecoder.vhd
    Info: Found design unit 1: three_eightdecoder-three_eightdecoder
    Info: Found entity 1: three_eightdecoder
Info: Found 2 design units, including 1 entities, in source file block_vhd/twoin_xor.vhd
    Info: Found design unit 1: twoin_xor-twoin_xor
    Info: Found entity 1: twoin_xor
Info: Elaborating entity "CPU" for the top level hierarchy
Info: Elaborating entity "twoin_xor" for hierarchy "twoin_xor:inst14"
Info: Elaborating entity "rslogic" for hierarchy "rslogic:inst10"
Info: Elaborating entity "signal_generate" for hierarchy "signal_generate:inst11"
Info: Elaborating entity "sm" for hierarchy "sm:inst12"
Info: Elaborating entity "cmddecoder" for hierarchy "cmddecoder:inst2"
Info: Elaborating entity "instruction_register" for hierarchy "instruction_register:inst"
Info: Elaborating entity "LPM_RAM_IO" for hierarchy "LPM_RAM_IO:inst4"
Info: Elaborated megafunction instantiation "LPM_RAM_IO:inst4"
Info: Instantiated megafunction "LPM_RAM_IO:inst4" with the following parameter:
    Info: Parameter "LPM_ADDRESS_CONTROL" = "REGISTERED"
    Info: Parameter "LPM_FILE" = "ram.mif"
    Info: Parameter "LPM_INDATA" = "REGISTERED"
    Info: Parameter "LPM_NUMWORDS" = "256"
    Info: Parameter "LPM_OUTDATA" = "UNREGISTERED"
    Info: Parameter "LPM_WIDTH" = "8"
    Info: Parameter "LPM_WIDTHAD" = "8"
Info: Elaborating entity "altram" for hierarchy "LPM_RAM_IO:inst4|altram:sram"
Warning: Assertion warning: altram does not support Cyclone device family -- attempting best-case memory conversions, but power-up states and read during write behavior will be different for Cyclone devices
Info: Elaborated megafunction instantiation "LPM_RAM_IO:inst4|altram:sram", which is child of megafunction instantiation "LPM_RAM_IO:inst4"
Info: Elaborating entity "altsyncram" for hierarchy "LPM_RAM_IO:inst4|altram:sram|altsyncram:ram_block"
Info: Elaborated megafunction instantiation "LPM_RAM_IO:inst4|altram:sram|altsyncram:ram_block", which is child of megafunction instantiation "LPM_RAM_IO:inst4"
Info: Found 1 design units, including 1 entities, in source file db/altsyncram_4591.tdf
    Info: Found entity 1: altsyncram_4591
Info: Elaborating entity "altsyncram_4591" for hierarchy "LPM_RAM_IO:inst4|altram:sram|altsyncram:ram_block|altsyncram_4591:auto_generated"
Info: Elaborating entity "mux_8_3_1" for hierarchy "mux_8_3_1:inst6"
Info: Elaborating entity "program_counter" for hierarchy "program_counter:inst7"
Info: Elaborating entity "general_registers" for hierarchy "general_registers:inst19"
Info: Elaborating entity "Zf_dff" for hierarchy "Zf_dff:inst17"
Info: Elaborating entity "alu" for hierarchy "alu:inst1"
Info: Elaborating entity "Cf_dff" for hierarchy "Cf_dff:inst16"
Warning: Tri-state node(s) do not directly drive top-level pin(s)
    Warning: Converted the fan-out from the tri-state buffer "inst15[7]" to the node "lpm_ram_io:inst4|altram:sram|altsyncram:ram_block|altsyncram_4591:auto_generated|q_a[7]" into an OR gate
    Warning: Converted the fan-out from the tri-state buffer "inst15[6]" to the node "lpm_ram_io:inst4|altram:sram|altsyncram:ram_block|altsyncram_4591:auto_generated|q_a[6]" into an OR gate
    Warning: Converted the fan-out from the tri-state buffer "inst15[5]" to the node "lpm_ram_io:inst4|altram:sram|altsyncram:ram_block|altsyncram_4591:auto_generated|q_a[5]" into an OR gate
    Warning: Converted the fan-out from the tri-state buffer "inst15[4]" to the node "lpm_ram_io:inst4|altram:sram|altsyncram:ram_block|altsyncram_4591:auto_generated|q_a[4]" into an OR gate
    Warning: Converted the fan-out from the tri-state buffer "inst15[3]" to the node "lpm_ram_io:inst4|altram:sram|altsyncram:ram_block|altsyncram_4591:auto_generated|q_a[3]" into an OR gate
    Warning: Converted the fan-out from the tri-state buffer "inst15[2]" to the node "lpm_ram_io:inst4|altram:sram|altsyncram:ram_block|altsyncram_4591:auto_generated|q_a[2]" into an OR gate
    Warning: Converted the fan-out from the tri-state buffer "inst15[1]" to the node "lpm_ram_io:inst4|altram:sram|altsyncram:ram_block|altsyncram_4591:auto_generated|q_a[1]" into an OR gate
    Warning: Converted the fan-out from the tri-state buffer "inst15[0]" to the node "lpm_ram_io:inst4|altram:sram|altsyncram:ram_block|altsyncram_4591:auto_generated|q_a[0]" into an OR gate
Info: Implemented 330 device resources after synthesis - the final resource count might be different
    Info: Implemented 9 input pins
    Info: Implemented 46 output pins
    Info: Implemented 267 logic cells
    Info: Implemented 8 RAM segments
Info: Quartus II Analysis & Synthesis was successful. 0 errors, 10 warnings
    Info: Peak virtual memory: 261 megabytes
    Info: Processing ended: Sat Jan 02 13:54:55 2021
    Info: Elapsed time: 00:00:01
    Info: Total CPU time (on all processors): 00:00:02


