Simulator report for general_registers
Fri Dec 18 20:45:38 2020
Quartus II Version 9.0 Build 184 04/29/2009 Service Pack 1 SJ Web Edition


---------------------
; Table of Contents ;
---------------------
  1. Legal Notice
  2. Simulator Summary
  3. Simulator Settings
  4. Simulation Waveforms
  5. Coverage Summary
  6. Complete 1/0-Value Coverage
  7. Missing 1-Value Coverage
  8. Missing 0-Value Coverage
  9. Simulator INI Usage
 10. Simulator Messages



----------------
; Legal Notice ;
----------------
Copyright (C) 1991-2009 Altera Corporation
Your use of Altera Corporation's design tools, logic functions 
and other software and tools, and its AMPP partner logic 
functions, and any output files from any of the foregoing 
(including device programming or simulation files), and any 
associated documentation or information are expressly subject 
to the terms and conditions of the Altera Program License 
Subscription Agreement, Altera MegaCore Function License 
Agreement, or other applicable license agreement, including, 
without limitation, that your use is for the sole purpose of 
programming logic devices manufactured by Altera and sold by 
Altera or its authorized distributors.  Please refer to the 
applicable agreement for further details.



+--------------------------------------------+
; Simulator Summary                          ;
+-----------------------------+--------------+
; Type                        ; Value        ;
+-----------------------------+--------------+
; Simulation Start Time       ; 0 ps         ;
; Simulation End Time         ; 1.0 us       ;
; Simulation Netlist Size     ; 130 nodes    ;
; Simulation Coverage         ;     100.00 % ;
; Total Number of Transitions ; 13580        ;
; Simulation Breakpoints      ; 0            ;
; Family                      ; Stratix II   ;
+-----------------------------+--------------+


+-------------------------------------------------------------------------------------------------------------------------+
; Simulator Settings                                                                                                      ;
+--------------------------------------------------------------------------------------------+------------+---------------+
; Option                                                                                     ; Setting    ; Default Value ;
+--------------------------------------------------------------------------------------------+------------+---------------+
; Simulation mode                                                                            ; Functional ; Timing        ;
; Start time                                                                                 ; 0 ns       ; 0 ns          ;
; Simulation results format                                                                  ; CVWF       ;               ;
; Add pins automatically to simulation output waveforms                                      ; On         ; On            ;
; Check outputs                                                                              ; Off        ; Off           ;
; Report simulation coverage                                                                 ; On         ; On            ;
; Display complete 1/0 value coverage report                                                 ; On         ; On            ;
; Display missing 1-value coverage report                                                    ; On         ; On            ;
; Display missing 0-value coverage report                                                    ; On         ; On            ;
; Detect setup and hold time violations                                                      ; Off        ; Off           ;
; Detect glitches                                                                            ; Off        ; Off           ;
; Disable timing delays in Timing Simulation                                                 ; Off        ; Off           ;
; Generate Signal Activity File                                                              ; Off        ; Off           ;
; Generate VCD File for PowerPlay Power Analyzer                                             ; Off        ; Off           ;
; Group bus channels in simulation results                                                   ; Off        ; Off           ;
; Preserve fewer signal transitions to reduce memory requirements                            ; On         ; On            ;
; Trigger vector comparison with the specified mode                                          ; INPUT_EDGE ; INPUT_EDGE    ;
; Disable setup and hold time violations detection in input registers of bi-directional pins ; Off        ; Off           ;
; Overwrite Waveform Inputs With Simulation Outputs                                          ; Off        ;               ;
; Perform Glitch Filtering in Timing Simulation                                              ; Auto       ; Auto          ;
+--------------------------------------------------------------------------------------------+------------+---------------+


+----------------------+
; Simulation Waveforms ;
+----------------------+
Waveform report data cannot be output to ASCII.
Please use Quartus II to view the waveform report data.


+--------------------------------------------------------------------+
; Coverage Summary                                                   ;
+-----------------------------------------------------+--------------+
; Type                                                ; Value        ;
+-----------------------------------------------------+--------------+
; Total coverage as a percentage                      ;     100.00 % ;
; Total nodes checked                                 ; 130          ;
; Total output ports checked                          ; 130          ;
; Total output ports with complete 1/0-value coverage ; 130          ;
; Total output ports with no 1/0-value coverage       ; 0            ;
; Total output ports with no 1-value coverage         ; 0            ;
; Total output ports with no 0-value coverage         ; 0            ;
+-----------------------------------------------------+--------------+


The following table displays output ports that toggle between 1 and 0 during simulation.
+------------------------------------------------------------------------------+
; Complete 1/0-Value Coverage                                                  ;
+-----------------------------+-----------------------------+------------------+
; Node Name                   ; Output Port Name            ; Output Port Type ;
+-----------------------------+-----------------------------+------------------+
; |general_registers|a~0      ; |general_registers|a~0      ; out              ;
; |general_registers|a~1      ; |general_registers|a~1      ; out              ;
; |general_registers|a~2      ; |general_registers|a~2      ; out              ;
; |general_registers|a~3      ; |general_registers|a~3      ; out              ;
; |general_registers|a~4      ; |general_registers|a~4      ; out              ;
; |general_registers|a~5      ; |general_registers|a~5      ; out              ;
; |general_registers|a~6      ; |general_registers|a~6      ; out              ;
; |general_registers|a~7      ; |general_registers|a~7      ; out              ;
; |general_registers|b~0      ; |general_registers|b~0      ; out              ;
; |general_registers|b~1      ; |general_registers|b~1      ; out              ;
; |general_registers|b~2      ; |general_registers|b~2      ; out              ;
; |general_registers|b~3      ; |general_registers|b~3      ; out              ;
; |general_registers|b~4      ; |general_registers|b~4      ; out              ;
; |general_registers|b~5      ; |general_registers|b~5      ; out              ;
; |general_registers|b~6      ; |general_registers|b~6      ; out              ;
; |general_registers|b~7      ; |general_registers|b~7      ; out              ;
; |general_registers|b~8      ; |general_registers|b~8      ; out              ;
; |general_registers|b~9      ; |general_registers|b~9      ; out              ;
; |general_registers|b~10     ; |general_registers|b~10     ; out              ;
; |general_registers|b~11     ; |general_registers|b~11     ; out              ;
; |general_registers|b~12     ; |general_registers|b~12     ; out              ;
; |general_registers|b~13     ; |general_registers|b~13     ; out              ;
; |general_registers|b~14     ; |general_registers|b~14     ; out              ;
; |general_registers|b~15     ; |general_registers|b~15     ; out              ;
; |general_registers|c~0      ; |general_registers|c~0      ; out              ;
; |general_registers|c~1      ; |general_registers|c~1      ; out              ;
; |general_registers|c~2      ; |general_registers|c~2      ; out              ;
; |general_registers|c~3      ; |general_registers|c~3      ; out              ;
; |general_registers|c~4      ; |general_registers|c~4      ; out              ;
; |general_registers|c~5      ; |general_registers|c~5      ; out              ;
; |general_registers|c~6      ; |general_registers|c~6      ; out              ;
; |general_registers|c~7      ; |general_registers|c~7      ; out              ;
; |general_registers|c~8      ; |general_registers|c~8      ; out              ;
; |general_registers|c~9      ; |general_registers|c~9      ; out              ;
; |general_registers|c~10     ; |general_registers|c~10     ; out              ;
; |general_registers|c~11     ; |general_registers|c~11     ; out              ;
; |general_registers|c~12     ; |general_registers|c~12     ; out              ;
; |general_registers|c~13     ; |general_registers|c~13     ; out              ;
; |general_registers|c~14     ; |general_registers|c~14     ; out              ;
; |general_registers|c~15     ; |general_registers|c~15     ; out              ;
; |general_registers|s~0      ; |general_registers|s~0      ; out              ;
; |general_registers|s~1      ; |general_registers|s~1      ; out              ;
; |general_registers|s~2      ; |general_registers|s~2      ; out              ;
; |general_registers|s~3      ; |general_registers|s~3      ; out              ;
; |general_registers|s~4      ; |general_registers|s~4      ; out              ;
; |general_registers|s~5      ; |general_registers|s~5      ; out              ;
; |general_registers|s~6      ; |general_registers|s~6      ; out              ;
; |general_registers|s~7      ; |general_registers|s~7      ; out              ;
; |general_registers|s~8      ; |general_registers|s~8      ; out              ;
; |general_registers|s~9      ; |general_registers|s~9      ; out              ;
; |general_registers|s~10     ; |general_registers|s~10     ; out              ;
; |general_registers|s~11     ; |general_registers|s~11     ; out              ;
; |general_registers|s~12     ; |general_registers|s~12     ; out              ;
; |general_registers|s~13     ; |general_registers|s~13     ; out              ;
; |general_registers|s~14     ; |general_registers|s~14     ; out              ;
; |general_registers|s~15     ; |general_registers|s~15     ; out              ;
; |general_registers|c[0]     ; |general_registers|c[0]     ; regout           ;
; |general_registers|d~0      ; |general_registers|d~0      ; out              ;
; |general_registers|d~1      ; |general_registers|d~1      ; out              ;
; |general_registers|d~2      ; |general_registers|d~2      ; out              ;
; |general_registers|d~3      ; |general_registers|d~3      ; out              ;
; |general_registers|d~4      ; |general_registers|d~4      ; out              ;
; |general_registers|d~5      ; |general_registers|d~5      ; out              ;
; |general_registers|d~6      ; |general_registers|d~6      ; out              ;
; |general_registers|d~7      ; |general_registers|d~7      ; out              ;
; |general_registers|d~8      ; |general_registers|d~8      ; out              ;
; |general_registers|d~9      ; |general_registers|d~9      ; out              ;
; |general_registers|d~10     ; |general_registers|d~10     ; out              ;
; |general_registers|d~11     ; |general_registers|d~11     ; out              ;
; |general_registers|d~12     ; |general_registers|d~12     ; out              ;
; |general_registers|d~13     ; |general_registers|d~13     ; out              ;
; |general_registers|d~14     ; |general_registers|d~14     ; out              ;
; |general_registers|d~15     ; |general_registers|d~15     ; out              ;
; |general_registers|a[7]     ; |general_registers|a[7]     ; regout           ;
; |general_registers|a[6]     ; |general_registers|a[6]     ; regout           ;
; |general_registers|a[5]     ; |general_registers|a[5]     ; regout           ;
; |general_registers|a[4]     ; |general_registers|a[4]     ; regout           ;
; |general_registers|a[3]     ; |general_registers|a[3]     ; regout           ;
; |general_registers|a[2]     ; |general_registers|a[2]     ; regout           ;
; |general_registers|a[1]     ; |general_registers|a[1]     ; regout           ;
; |general_registers|a[0]     ; |general_registers|a[0]     ; regout           ;
; |general_registers|b[7]     ; |general_registers|b[7]     ; regout           ;
; |general_registers|b[6]     ; |general_registers|b[6]     ; regout           ;
; |general_registers|b[5]     ; |general_registers|b[5]     ; regout           ;
; |general_registers|b[4]     ; |general_registers|b[4]     ; regout           ;
; |general_registers|b[3]     ; |general_registers|b[3]     ; regout           ;
; |general_registers|b[2]     ; |general_registers|b[2]     ; regout           ;
; |general_registers|b[1]     ; |general_registers|b[1]     ; regout           ;
; |general_registers|b[0]     ; |general_registers|b[0]     ; regout           ;
; |general_registers|c[7]     ; |general_registers|c[7]     ; regout           ;
; |general_registers|c[6]     ; |general_registers|c[6]     ; regout           ;
; |general_registers|c[5]     ; |general_registers|c[5]     ; regout           ;
; |general_registers|c[4]     ; |general_registers|c[4]     ; regout           ;
; |general_registers|c[3]     ; |general_registers|c[3]     ; regout           ;
; |general_registers|c[2]     ; |general_registers|c[2]     ; regout           ;
; |general_registers|c[1]     ; |general_registers|c[1]     ; regout           ;
; |general_registers|we       ; |general_registers|we       ; out              ;
; |general_registers|clk      ; |general_registers|clk      ; out              ;
; |general_registers|raa[0]   ; |general_registers|raa[0]   ; out              ;
; |general_registers|raa[1]   ; |general_registers|raa[1]   ; out              ;
; |general_registers|rwba[0]  ; |general_registers|rwba[0]  ; out              ;
; |general_registers|rwba[1]  ; |general_registers|rwba[1]  ; out              ;
; |general_registers|i[0]     ; |general_registers|i[0]     ; out              ;
; |general_registers|i[1]     ; |general_registers|i[1]     ; out              ;
; |general_registers|i[2]     ; |general_registers|i[2]     ; out              ;
; |general_registers|i[3]     ; |general_registers|i[3]     ; out              ;
; |general_registers|i[4]     ; |general_registers|i[4]     ; out              ;
; |general_registers|i[5]     ; |general_registers|i[5]     ; out              ;
; |general_registers|i[6]     ; |general_registers|i[6]     ; out              ;
; |general_registers|i[7]     ; |general_registers|i[7]     ; out              ;
; |general_registers|s[0]     ; |general_registers|s[0]     ; pin_out          ;
; |general_registers|s[1]     ; |general_registers|s[1]     ; pin_out          ;
; |general_registers|s[2]     ; |general_registers|s[2]     ; pin_out          ;
; |general_registers|s[3]     ; |general_registers|s[3]     ; pin_out          ;
; |general_registers|s[4]     ; |general_registers|s[4]     ; pin_out          ;
; |general_registers|s[5]     ; |general_registers|s[5]     ; pin_out          ;
; |general_registers|s[6]     ; |general_registers|s[6]     ; pin_out          ;
; |general_registers|s[7]     ; |general_registers|s[7]     ; pin_out          ;
; |general_registers|d[0]     ; |general_registers|d[0]     ; pin_out          ;
; |general_registers|d[1]     ; |general_registers|d[1]     ; pin_out          ;
; |general_registers|d[2]     ; |general_registers|d[2]     ; pin_out          ;
; |general_registers|d[3]     ; |general_registers|d[3]     ; pin_out          ;
; |general_registers|d[4]     ; |general_registers|d[4]     ; pin_out          ;
; |general_registers|d[5]     ; |general_registers|d[5]     ; pin_out          ;
; |general_registers|d[6]     ; |general_registers|d[6]     ; pin_out          ;
; |general_registers|d[7]     ; |general_registers|d[7]     ; pin_out          ;
; |general_registers|Equal0~0 ; |general_registers|Equal0~0 ; out0             ;
; |general_registers|Equal1~0 ; |general_registers|Equal1~0 ; out0             ;
; |general_registers|Equal2~0 ; |general_registers|Equal2~0 ; out0             ;
; |general_registers|Equal3~0 ; |general_registers|Equal3~0 ; out0             ;
+-----------------------------+-----------------------------+------------------+


The following table displays output ports that do not toggle to 1 during simulation.
+-------------------------------------------------+
; Missing 1-Value Coverage                        ;
+-----------+------------------+------------------+
; Node Name ; Output Port Name ; Output Port Type ;
+-----------+------------------+------------------+


The following table displays output ports that do not toggle to 0 during simulation.
+-------------------------------------------------+
; Missing 0-Value Coverage                        ;
+-----------+------------------+------------------+
; Node Name ; Output Port Name ; Output Port Type ;
+-----------+------------------+------------------+


+---------------------+
; Simulator INI Usage ;
+--------+------------+
; Option ; Usage      ;
+--------+------------+


+--------------------+
; Simulator Messages ;
+--------------------+
Info: *******************************************************************
Info: Running Quartus II Simulator
    Info: Version 9.0 Build 184 04/29/2009 Service Pack 1 SJ Web Edition
    Info: Processing started: Fri Dec 18 20:45:37 2020
Info: Command: quartus_sim --read_settings_files=on --write_settings_files=off general_registers -c general_registers
Info: Using vector source file "C:/Users/86150/Desktop/mylearn/vscode-c++/logic and computer design fundamentals/experiment4/general_registers/general_registers.vwf"
Info: Option to preserve fewer signal transitions to reduce memory requirements is enabled
    Info: Simulation has been partitioned into sub-simulations according to the maximum transition count determined by the engine. Transitions from memory will be flushed out to disk at the end of each sub-simulation to reduce memory requirements.
Warning: Found clock-sensitive change during active clock edge at time 10.0 ns on register "|general_registers|b[7]"
Warning: Found clock-sensitive change during active clock edge at time 10.0 ns on register "|general_registers|b[3]"
Warning: Found clock-sensitive change during active clock edge at time 10.0 ns on register "|general_registers|c[7]"
Warning: Found clock-sensitive change during active clock edge at time 10.0 ns on register "|general_registers|c[6]"
Warning: Found clock-sensitive change during active clock edge at time 10.0 ns on register "|general_registers|c[5]"
Warning: Found clock-sensitive change during active clock edge at time 10.0 ns on register "|general_registers|c[3]"
Warning: Found clock-sensitive change during active clock edge at time 10.0 ns on register "|general_registers|c[2]"
Warning: Found clock-sensitive change during active clock edge at time 20.0 ns on register "|general_registers|b[4]"
Warning: Found clock-sensitive change during active clock edge at time 20.0 ns on register "|general_registers|b[1]"
Warning: Found clock-sensitive change during active clock edge at time 40.0 ns on register "|general_registers|b[0]"
Warning: Found clock-sensitive change during active clock edge at time 40.0 ns on register "|general_registers|c[1]"
Warning: Found clock-sensitive change during active clock edge at time 50.0 ns on register "|general_registers|c[0]"
Warning: Found clock-sensitive change during active clock edge at time 60.0 ns on register "|general_registers|a[7]"
Warning: Found clock-sensitive change during active clock edge at time 60.0 ns on register "|general_registers|a[4]"
Warning: Found clock-sensitive change during active clock edge at time 60.0 ns on register "|general_registers|a[3]"
Warning: Found clock-sensitive change during active clock edge at time 60.0 ns on register "|general_registers|a[2]"
Warning: Found clock-sensitive change during active clock edge at time 60.0 ns on register "|general_registers|a[1]"
Warning: Found clock-sensitive change during active clock edge at time 60.0 ns on register "|general_registers|a[0]"
Warning: Found clock-sensitive change during active clock edge at time 60.0 ns on register "|general_registers|b[2]"
Warning: Found clock-sensitive change during active clock edge at time 70.0 ns on register "|general_registers|a[6]"
Warning: Found clock-sensitive change during active clock edge at time 70.0 ns on register "|general_registers|a[5]"
Warning: Found clock-sensitive change during active clock edge at time 70.0 ns on register "|general_registers|c[4]"
Warning: Found clock-sensitive change during active clock edge at time 80.0 ns on register "|general_registers|b[5]"
Warning: Found clock-sensitive change during active clock edge at time 90.0 ns on register "|general_registers|b[6]"
Info: Simulation partitioned into 1 sub-simulations
Info: Simulation coverage is     100.00 %
Info: Number of transitions in simulation is 13580
Info: Quartus II Simulator was successful. 0 errors, 24 warnings
    Info: Peak virtual memory: 163 megabytes
    Info: Processing ended: Fri Dec 18 20:45:38 2020
    Info: Elapsed time: 00:00:01
    Info: Total CPU time (on all processors): 00:00:00


