Flow report for signal_generate
Mon Dec 21 17:33:02 2020
Quartus II Version 9.0 Build 184 04/29/2009 Service Pack 1 SJ Web Edition


---------------------
; Table of Contents ;
---------------------
  1. Legal Notice
  2. Flow Summary
  3. Flow Settings
  4. Flow Non-Default Global Settings
  5. Flow Elapsed Time
  6. Flow OS Summary
  7. Flow Log



----------------
; Legal Notice ;
----------------
Copyright (C) 1991-2009 Altera Corporation
Your use of Altera Corporation's design tools, logic functions 
and other software and tools, and its AMPP partner logic 
functions, and any output files from any of the foregoing 
(including device programming or simulation files), and any 
associated documentation or information are expressly subject 
to the terms and conditions of the Altera Program License 
Subscription Agreement, Altera MegaCore Function License 
Agreement, or other applicable license agreement, including, 
without limitation, that your use is for the sole purpose of 
programming logic devices manufactured by Altera and sold by 
Altera or its authorized distributors.  Please refer to the 
applicable agreement for further details.



+------------------------------------------------------------------------+
; Flow Summary                                                           ;
+-------------------------+----------------------------------------------+
; Flow Status             ; Successful - Mon Dec 21 17:33:02 2020        ;
; Quartus II Version      ; 9.0 Build 184 04/29/2009 SP 1 SJ Web Edition ;
; Revision Name           ; signal_generate                              ;
; Top-level Entity Name   ; signal_generate                              ;
; Family                  ; ACEX1K                                       ;
; Device                  ; EP1K100QC208-3                               ;
; Timing Models           ; Final                                        ;
; Met timing requirements ; Yes                                          ;
; Total logic elements    ; 30 / 4,992 ( < 1 % )                         ;
; Total pins              ; 52 / 147 ( 35 % )                            ;
; Total memory bits       ; 0 / 49,152 ( 0 % )                           ;
; Total PLLs              ; 0                                            ;
+-------------------------+----------------------------------------------+


+-----------------------------------------+
; Flow Settings                           ;
+-------------------+---------------------+
; Option            ; Setting             ;
+-------------------+---------------------+
; Start date & time ; 12/21/2020 17:32:55 ;
; Main task         ; Compilation         ;
; Revision Name     ; signal_generate     ;
+-------------------+---------------------+


+---------------------------------------------------------------------------------------------------------------------+
; Flow Non-Default Global Settings                                                                                    ;
+------------------------------------+---------------------------------+---------------+-------------+----------------+
; Assignment Name                    ; Value                           ; Default Value ; Entity Name ; Section Id     ;
+------------------------------------+---------------------------------+---------------+-------------+----------------+
; COMPILER_SIGNATURE_ID              ; 176269943757556.160854317501376 ; --            ; --          ; --             ;
; MAX_CORE_JUNCTION_TEMP             ; 85                              ; --            ; --          ; --             ;
; MIN_CORE_JUNCTION_TEMP             ; 0                               ; --            ; --          ; --             ;
; USE_GENERATED_PHYSICAL_CONSTRAINTS ; Off                             ; --            ; --          ; eda_blast_fpga ;
+------------------------------------+---------------------------------+---------------+-------------+----------------+


+-----------------------------------------------------------------------------------------------------------------------------+
; Flow Elapsed Time                                                                                                           ;
+-------------------------+--------------+-------------------------+---------------------+------------------------------------+
; Module Name             ; Elapsed Time ; Average Processors Used ; Peak Virtual Memory ; Total CPU Time (on all processors) ;
+-------------------------+--------------+-------------------------+---------------------+------------------------------------+
; Analysis & Synthesis    ; 00:00:01     ; 1.0                     ; 246 MB              ; 00:00:01                           ;
; Fitter                  ; 00:00:03     ; 1.0                     ; 240 MB              ; 00:00:02                           ;
; Assembler               ; 00:00:01     ; 1.0                     ; 223 MB              ; 00:00:00                           ;
; Classic Timing Analyzer ; 00:00:01     ; 1.0                     ; 189 MB              ; 00:00:00                           ;
; Total                   ; 00:00:06     ; --                      ; --                  ; 00:00:03                           ;
+-------------------------+--------------+-------------------------+---------------------+------------------------------------+


+------------------------------------------------------------------------------------------+
; Flow OS Summary                                                                          ;
+-------------------------+------------------+---------------+------------+----------------+
; Module Name             ; Machine Hostname ; OS Name       ; OS Version ; Processor type ;
+-------------------------+------------------+---------------+------------+----------------+
; Analysis & Synthesis    ; DESKTOP-0MBLR01  ; Windows Vista ; 6.2        ; x86_64         ;
; Fitter                  ; DESKTOP-0MBLR01  ; Windows Vista ; 6.2        ; x86_64         ;
; Assembler               ; DESKTOP-0MBLR01  ; Windows Vista ; 6.2        ; x86_64         ;
; Classic Timing Analyzer ; DESKTOP-0MBLR01  ; Windows Vista ; 6.2        ; x86_64         ;
+-------------------------+------------------+---------------+------------+----------------+


------------
; Flow Log ;
------------
quartus_map --read_settings_files=on --write_settings_files=off signal_generate -c signal_generate
quartus_fit --read_settings_files=off --write_settings_files=off signal_generate -c signal_generate
quartus_asm --read_settings_files=off --write_settings_files=off signal_generate -c signal_generate
quartus_tan --read_settings_files=off --write_settings_files=off signal_generate -c signal_generate



