Classic Timing Analyzer report for sm
Fri Dec 18 21:53:53 2020
Quartus II Version 9.0 Build 184 04/29/2009 Service Pack 1 SJ Web Edition


---------------------
; Table of Contents ;
---------------------
  1. Legal Notice
  2. Timing Analyzer Summary
  3. Timing Analyzer Settings
  4. Clock Settings Summary
  5. Parallel Compilation
  6. Clock Setup: 'clk'
  7. tsu
  8. tco
  9. th
 10. Timing Analyzer Messages



----------------
; Legal Notice ;
----------------
Copyright (C) 1991-2009 Altera Corporation
Your use of Altera Corporation's design tools, logic functions 
and other software and tools, and its AMPP partner logic 
functions, and any output files from any of the foregoing 
(including device programming or simulation files), and any 
associated documentation or information are expressly subject 
to the terms and conditions of the Altera Program License 
Subscription Agreement, Altera MegaCore Function License 
Agreement, or other applicable license agreement, including, 
without limitation, that your use is for the sole purpose of 
programming logic devices manufactured by Altera and sold by 
Altera or its authorized distributors.  Please refer to the 
applicable agreement for further details.



+----------------------------------------------------------------------------------------------------------------------------------------------------------------+
; Timing Analyzer Summary                                                                                                                                        ;
+------------------------------+-------+---------------+------------------------------------------------+--------+--------+------------+----------+--------------+
; Type                         ; Slack ; Required Time ; Actual Time                                    ; From   ; To     ; From Clock ; To Clock ; Failed Paths ;
+------------------------------+-------+---------------+------------------------------------------------+--------+--------+------------+----------+--------------+
; Worst-case tsu               ; N/A   ; None          ; 2.876 ns                                       ; Sm_en  ; z~reg0 ; --         ; clk      ; 0            ;
; Worst-case tco               ; N/A   ; None          ; 5.120 ns                                       ; z~reg0 ; z      ; clk        ; --       ; 0            ;
; Worst-case th                ; N/A   ; None          ; -2.284 ns                                      ; Sm_en  ; sm     ; --         ; clk      ; 0            ;
; Clock Setup: 'clk'           ; N/A   ; None          ; Restricted to 500.00 MHz ( period = 2.000 ns ) ; sm     ; z~reg0 ; clk        ; clk      ; 0            ;
; Total number of failed paths ;       ;               ;                                                ;        ;        ;            ;          ; 0            ;
+------------------------------+-------+---------------+------------------------------------------------+--------+--------+------------+----------+--------------+


+--------------------------------------------------------------------------------------------------------------------+
; Timing Analyzer Settings                                                                                           ;
+---------------------------------------------------------------------+--------------------+------+----+-------------+
; Option                                                              ; Setting            ; From ; To ; Entity Name ;
+---------------------------------------------------------------------+--------------------+------+----+-------------+
; Device Name                                                         ; EP2S15F484C3       ;      ;    ;             ;
; Timing Models                                                       ; Final              ;      ;    ;             ;
; Default hold multicycle                                             ; Same as Multicycle ;      ;    ;             ;
; Cut paths between unrelated clock domains                           ; On                 ;      ;    ;             ;
; Cut off read during write signal paths                              ; On                 ;      ;    ;             ;
; Cut off feedback from I/O pins                                      ; On                 ;      ;    ;             ;
; Report Combined Fast/Slow Timing                                    ; Off                ;      ;    ;             ;
; Ignore Clock Settings                                               ; Off                ;      ;    ;             ;
; Analyze latches as synchronous elements                             ; On                 ;      ;    ;             ;
; Enable Recovery/Removal analysis                                    ; Off                ;      ;    ;             ;
; Enable Clock Latency                                                ; Off                ;      ;    ;             ;
; Use TimeQuest Timing Analyzer                                       ; Off                ;      ;    ;             ;
; Number of source nodes to report per destination node               ; 10                 ;      ;    ;             ;
; Number of destination nodes to report                               ; 10                 ;      ;    ;             ;
; Number of paths to report                                           ; 200                ;      ;    ;             ;
; Report Minimum Timing Checks                                        ; Off                ;      ;    ;             ;
; Use Fast Timing Models                                              ; Off                ;      ;    ;             ;
; Report IO Paths Separately                                          ; Off                ;      ;    ;             ;
; Perform Multicorner Analysis                                        ; On                 ;      ;    ;             ;
; Reports the worst-case path for each clock domain and analysis      ; Off                ;      ;    ;             ;
; Removes common clock path pessimism (CCPP) during slack computation ; Off                ;      ;    ;             ;
; Output I/O Timing Endpoint                                          ; Near End           ;      ;    ;             ;
+---------------------------------------------------------------------+--------------------+------+----+-------------+


+------------------------------------------------------------------------------------------------------------------------------------------------------------------------------------+
; Clock Settings Summary                                                                                                                                                             ;
+-----------------+--------------------+----------+------------------+---------------+--------------+----------+-----------------------+---------------------+--------+--------------+
; Clock Node Name ; Clock Setting Name ; Type     ; Fmax Requirement ; Early Latency ; Late Latency ; Based on ; Multiply Base Fmax by ; Divide Base Fmax by ; Offset ; Phase offset ;
+-----------------+--------------------+----------+------------------+---------------+--------------+----------+-----------------------+---------------------+--------+--------------+
; clk             ;                    ; User Pin ; None             ; 0.000 ns      ; 0.000 ns     ; --       ; N/A                   ; N/A                 ; N/A    ;              ;
+-----------------+--------------------+----------+------------------+---------------+--------------+----------+-----------------------+---------------------+--------+--------------+


Parallel compilation was disabled, but you have multiple processors available. Enable parallel compilation to reduce compilation time.
+-------------------------------------+
; Parallel Compilation                ;
+----------------------------+--------+
; Processors                 ; Number ;
+----------------------------+--------+
; Number detected on machine ; 6      ;
; Maximum allowed            ; 1      ;
+----------------------------+--------+


+------------------------------------------------------------------------------------------------------------------------------------------------------------------------------------+
; Clock Setup: 'clk'                                                                                                                                                                 ;
+-------+------------------------------------------------+------+--------+------------+----------+-----------------------------+---------------------------+-------------------------+
; Slack ; Actual fmax (period)                           ; From ; To     ; From Clock ; To Clock ; Required Setup Relationship ; Required Longest P2P Time ; Actual Longest P2P Time ;
+-------+------------------------------------------------+------+--------+------------+----------+-----------------------------+---------------------------+-------------------------+
; N/A   ; Restricted to 500.00 MHz ( period = 2.000 ns ) ; sm   ; z~reg0 ; clk        ; clk      ; None                        ; None                      ; 0.749 ns                ;
; N/A   ; Restricted to 500.00 MHz ( period = 2.000 ns ) ; sm   ; sm     ; clk        ; clk      ; None                        ; None                      ; 0.396 ns                ;
+-------+------------------------------------------------+------+--------+------------+----------+-----------------------------+---------------------------+-------------------------+


+---------------------------------------------------------------+
; tsu                                                           ;
+-------+--------------+------------+-------+--------+----------+
; Slack ; Required tsu ; Actual tsu ; From  ; To     ; To Clock ;
+-------+--------------+------------+-------+--------+----------+
; N/A   ; None         ; 2.876 ns   ; Sm_en ; z~reg0 ; clk      ;
; N/A   ; None         ; 2.523 ns   ; Sm_en ; sm     ; clk      ;
+-------+--------------+------------+-------+--------+----------+


+--------------------------------------------------------------+
; tco                                                          ;
+-------+--------------+------------+--------+----+------------+
; Slack ; Required tco ; Actual tco ; From   ; To ; From Clock ;
+-------+--------------+------------+--------+----+------------+
; N/A   ; None         ; 5.120 ns   ; z~reg0 ; z  ; clk        ;
+-------+--------------+------------+--------+----+------------+


+---------------------------------------------------------------------+
; th                                                                  ;
+---------------+-------------+-----------+-------+--------+----------+
; Minimum Slack ; Required th ; Actual th ; From  ; To     ; To Clock ;
+---------------+-------------+-----------+-------+--------+----------+
; N/A           ; None        ; -2.284 ns ; Sm_en ; sm     ; clk      ;
; N/A           ; None        ; -2.637 ns ; Sm_en ; z~reg0 ; clk      ;
+---------------+-------------+-----------+-------+--------+----------+


+--------------------------+
; Timing Analyzer Messages ;
+--------------------------+
Info: *******************************************************************
Info: Running Quartus II Classic Timing Analyzer
    Info: Version 9.0 Build 184 04/29/2009 Service Pack 1 SJ Web Edition
    Info: Processing started: Fri Dec 18 21:53:53 2020
Info: Command: quartus_tan --read_settings_files=off --write_settings_files=off sm -c sm --timing_analysis_only
Warning: Found pins functioning as undefined clocks and/or memory enables
    Info: Assuming node "clk" is an undefined clock
Info: Clock "clk" Internal fmax is restricted to 500.0 MHz between source register "sm" and destination register "z~reg0"
    Info: fmax restricted to clock pin edge rate 2.0 ns. Expand message to see actual delay path.
        Info: + Longest register to register delay is 0.749 ns
            Info: 1: + IC(0.000 ns) + CELL(0.000 ns) = 0.000 ns; Loc. = LCFF_X26_Y26_N19; Fanout = 1; REG Node = 'sm'
            Info: 2: + IC(0.000 ns) + CELL(0.241 ns) = 0.241 ns; Loc. = LCCOMB_X26_Y26_N18; Fanout = 2; COMB Node = 'z~1'
            Info: 3: + IC(0.199 ns) + CELL(0.309 ns) = 0.749 ns; Loc. = LCFF_X26_Y26_N17; Fanout = 1; REG Node = 'z~reg0'
            Info: Total cell delay = 0.550 ns ( 73.43 % )
            Info: Total interconnect delay = 0.199 ns ( 26.57 % )
        Info: - Smallest clock skew is 0.000 ns
            Info: + Shortest clock path from clock "clk" to destination register is 2.498 ns
                Info: 1: + IC(0.000 ns) + CELL(0.854 ns) = 0.854 ns; Loc. = PIN_N20; Fanout = 1; CLK Node = 'clk'
                Info: 2: + IC(0.343 ns) + CELL(0.000 ns) = 1.197 ns; Loc. = CLKCTRL_G3; Fanout = 2; COMB Node = 'clk~clkctrl'
                Info: 3: + IC(0.683 ns) + CELL(0.618 ns) = 2.498 ns; Loc. = LCFF_X26_Y26_N17; Fanout = 1; REG Node = 'z~reg0'
                Info: Total cell delay = 1.472 ns ( 58.93 % )
                Info: Total interconnect delay = 1.026 ns ( 41.07 % )
            Info: - Longest clock path from clock "clk" to source register is 2.498 ns
                Info: 1: + IC(0.000 ns) + CELL(0.854 ns) = 0.854 ns; Loc. = PIN_N20; Fanout = 1; CLK Node = 'clk'
                Info: 2: + IC(0.343 ns) + CELL(0.000 ns) = 1.197 ns; Loc. = CLKCTRL_G3; Fanout = 2; COMB Node = 'clk~clkctrl'
                Info: 3: + IC(0.683 ns) + CELL(0.618 ns) = 2.498 ns; Loc. = LCFF_X26_Y26_N19; Fanout = 1; REG Node = 'sm'
                Info: Total cell delay = 1.472 ns ( 58.93 % )
                Info: Total interconnect delay = 1.026 ns ( 41.07 % )
        Info: + Micro clock to output delay of source is 0.094 ns
        Info: + Micro setup delay of destination is 0.090 ns
Info: tsu for register "z~reg0" (data pin = "Sm_en", clock pin = "clk") is 2.876 ns
    Info: + Longest pin to register delay is 5.284 ns
        Info: 1: + IC(0.000 ns) + CELL(0.830 ns) = 0.830 ns; Loc. = PIN_C1; Fanout = 1; PIN Node = 'Sm_en'
        Info: 2: + IC(3.893 ns) + CELL(0.053 ns) = 4.776 ns; Loc. = LCCOMB_X26_Y26_N18; Fanout = 2; COMB Node = 'z~1'
        Info: 3: + IC(0.199 ns) + CELL(0.309 ns) = 5.284 ns; Loc. = LCFF_X26_Y26_N17; Fanout = 1; REG Node = 'z~reg0'
        Info: Total cell delay = 1.192 ns ( 22.56 % )
        Info: Total interconnect delay = 4.092 ns ( 77.44 % )
    Info: + Micro setup delay of destination is 0.090 ns
    Info: - Shortest clock path from clock "clk" to destination register is 2.498 ns
        Info: 1: + IC(0.000 ns) + CELL(0.854 ns) = 0.854 ns; Loc. = PIN_N20; Fanout = 1; CLK Node = 'clk'
        Info: 2: + IC(0.343 ns) + CELL(0.000 ns) = 1.197 ns; Loc. = CLKCTRL_G3; Fanout = 2; COMB Node = 'clk~clkctrl'
        Info: 3: + IC(0.683 ns) + CELL(0.618 ns) = 2.498 ns; Loc. = LCFF_X26_Y26_N17; Fanout = 1; REG Node = 'z~reg0'
        Info: Total cell delay = 1.472 ns ( 58.93 % )
        Info: Total interconnect delay = 1.026 ns ( 41.07 % )
Info: tco from clock "clk" to destination pin "z" through register "z~reg0" is 5.120 ns
    Info: + Longest clock path from clock "clk" to source register is 2.498 ns
        Info: 1: + IC(0.000 ns) + CELL(0.854 ns) = 0.854 ns; Loc. = PIN_N20; Fanout = 1; CLK Node = 'clk'
        Info: 2: + IC(0.343 ns) + CELL(0.000 ns) = 1.197 ns; Loc. = CLKCTRL_G3; Fanout = 2; COMB Node = 'clk~clkctrl'
        Info: 3: + IC(0.683 ns) + CELL(0.618 ns) = 2.498 ns; Loc. = LCFF_X26_Y26_N17; Fanout = 1; REG Node = 'z~reg0'
        Info: Total cell delay = 1.472 ns ( 58.93 % )
        Info: Total interconnect delay = 1.026 ns ( 41.07 % )
    Info: + Micro clock to output delay of source is 0.094 ns
    Info: + Longest register to pin delay is 2.528 ns
        Info: 1: + IC(0.000 ns) + CELL(0.000 ns) = 0.000 ns; Loc. = LCFF_X26_Y26_N17; Fanout = 1; REG Node = 'z~reg0'
        Info: 2: + IC(0.482 ns) + CELL(2.046 ns) = 2.528 ns; Loc. = PIN_C9; Fanout = 0; PIN Node = 'z'
        Info: Total cell delay = 2.046 ns ( 80.93 % )
        Info: Total interconnect delay = 0.482 ns ( 19.07 % )
Info: th for register "sm" (data pin = "Sm_en", clock pin = "clk") is -2.284 ns
    Info: + Longest clock path from clock "clk" to destination register is 2.498 ns
        Info: 1: + IC(0.000 ns) + CELL(0.854 ns) = 0.854 ns; Loc. = PIN_N20; Fanout = 1; CLK Node = 'clk'
        Info: 2: + IC(0.343 ns) + CELL(0.000 ns) = 1.197 ns; Loc. = CLKCTRL_G3; Fanout = 2; COMB Node = 'clk~clkctrl'
        Info: 3: + IC(0.683 ns) + CELL(0.618 ns) = 2.498 ns; Loc. = LCFF_X26_Y26_N19; Fanout = 1; REG Node = 'sm'
        Info: Total cell delay = 1.472 ns ( 58.93 % )
        Info: Total interconnect delay = 1.026 ns ( 41.07 % )
    Info: + Micro hold delay of destination is 0.149 ns
    Info: - Shortest pin to register delay is 4.931 ns
        Info: 1: + IC(0.000 ns) + CELL(0.830 ns) = 0.830 ns; Loc. = PIN_C1; Fanout = 1; PIN Node = 'Sm_en'
        Info: 2: + IC(3.893 ns) + CELL(0.053 ns) = 4.776 ns; Loc. = LCCOMB_X26_Y26_N18; Fanout = 2; COMB Node = 'z~1'
        Info: 3: + IC(0.000 ns) + CELL(0.155 ns) = 4.931 ns; Loc. = LCFF_X26_Y26_N19; Fanout = 1; REG Node = 'sm'
        Info: Total cell delay = 1.038 ns ( 21.05 % )
        Info: Total interconnect delay = 3.893 ns ( 78.95 % )
Info: Quartus II Classic Timing Analyzer was successful. 0 errors, 1 warning
    Info: Peak virtual memory: 199 megabytes
    Info: Processing ended: Fri Dec 18 21:53:53 2020
    Info: Elapsed time: 00:00:00
    Info: Total CPU time (on all processors): 00:00:00


