Classic Timing Analyzer report for rca_4
Tue Nov 17 16:53:18 2020
Quartus II Version 9.0 Build 184 04/29/2009 Service Pack 1 SJ Web Edition


---------------------
; Table of Contents ;
---------------------
  1. Legal Notice
  2. Timing Analyzer Summary
  3. Timing Analyzer Settings
  4. Parallel Compilation
  5. tpd
  6. Timing Analyzer Messages



----------------
; Legal Notice ;
----------------
Copyright (C) 1991-2009 Altera Corporation
Your use of Altera Corporation's design tools, logic functions 
and other software and tools, and its AMPP partner logic 
functions, and any output files from any of the foregoing 
(including device programming or simulation files), and any 
associated documentation or information are expressly subject 
to the terms and conditions of the Altera Program License 
Subscription Agreement, Altera MegaCore Function License 
Agreement, or other applicable license agreement, including, 
without limitation, that your use is for the sole purpose of 
programming logic devices manufactured by Altera and sold by 
Altera or its authorized distributors.  Please refer to the 
applicable agreement for further details.



+-------------------------------------------------------------------------------------------------------------------------+
; Timing Analyzer Summary                                                                                                 ;
+------------------------------+-------+---------------+-------------+------+------+------------+----------+--------------+
; Type                         ; Slack ; Required Time ; Actual Time ; From ; To   ; From Clock ; To Clock ; Failed Paths ;
+------------------------------+-------+---------------+-------------+------+------+------------+----------+--------------+
; Worst-case tpd               ; N/A   ; None          ; 10.154 ns   ; x[1] ; s[3] ; --         ; --       ; 0            ;
; Total number of failed paths ;       ;               ;             ;      ;      ;            ;          ; 0            ;
+------------------------------+-------+---------------+-------------+------+------+------------+----------+--------------+


+--------------------------------------------------------------------------------------------------------------------+
; Timing Analyzer Settings                                                                                           ;
+---------------------------------------------------------------------+--------------------+------+----+-------------+
; Option                                                              ; Setting            ; From ; To ; Entity Name ;
+---------------------------------------------------------------------+--------------------+------+----+-------------+
; Device Name                                                         ; EP2S15F484C3       ;      ;    ;             ;
; Timing Models                                                       ; Final              ;      ;    ;             ;
; Default hold multicycle                                             ; Same as Multicycle ;      ;    ;             ;
; Cut paths between unrelated clock domains                           ; On                 ;      ;    ;             ;
; Cut off read during write signal paths                              ; On                 ;      ;    ;             ;
; Cut off feedback from I/O pins                                      ; On                 ;      ;    ;             ;
; Report Combined Fast/Slow Timing                                    ; Off                ;      ;    ;             ;
; Ignore Clock Settings                                               ; Off                ;      ;    ;             ;
; Analyze latches as synchronous elements                             ; On                 ;      ;    ;             ;
; Enable Recovery/Removal analysis                                    ; Off                ;      ;    ;             ;
; Enable Clock Latency                                                ; Off                ;      ;    ;             ;
; Use TimeQuest Timing Analyzer                                       ; Off                ;      ;    ;             ;
; Number of source nodes to report per destination node               ; 10                 ;      ;    ;             ;
; Number of destination nodes to report                               ; 10                 ;      ;    ;             ;
; Number of paths to report                                           ; 200                ;      ;    ;             ;
; Report Minimum Timing Checks                                        ; Off                ;      ;    ;             ;
; Use Fast Timing Models                                              ; Off                ;      ;    ;             ;
; Report IO Paths Separately                                          ; Off                ;      ;    ;             ;
; Perform Multicorner Analysis                                        ; On                 ;      ;    ;             ;
; Reports the worst-case path for each clock domain and analysis      ; Off                ;      ;    ;             ;
; Removes common clock path pessimism (CCPP) during slack computation ; Off                ;      ;    ;             ;
; Output I/O Timing Endpoint                                          ; Near End           ;      ;    ;             ;
+---------------------------------------------------------------------+--------------------+------+----+-------------+


Parallel compilation was disabled, but you have multiple processors available. Enable parallel compilation to reduce compilation time.
+-------------------------------------+
; Parallel Compilation                ;
+----------------------------+--------+
; Processors                 ; Number ;
+----------------------------+--------+
; Number detected on machine ; 6      ;
; Maximum allowed            ; 1      ;
+----------------------------+--------+


+-----------------------------------------------------------+
; tpd                                                       ;
+-------+-------------------+-----------------+------+------+
; Slack ; Required P2P Time ; Actual P2P Time ; From ; To   ;
+-------+-------------------+-----------------+------+------+
; N/A   ; None              ; 10.154 ns       ; x[1] ; s[3] ;
; N/A   ; None              ; 10.118 ns       ; x[1] ; s[2] ;
; N/A   ; None              ; 10.022 ns       ; y[1] ; s[3] ;
; N/A   ; None              ; 10.006 ns       ; x[0] ; s[3] ;
; N/A   ; None              ; 9.980 ns        ; y[1] ; s[2] ;
; N/A   ; None              ; 9.978 ns        ; y[0] ; s[3] ;
; N/A   ; None              ; 9.959 ns        ; x[1] ; cout ;
; N/A   ; None              ; 9.950 ns        ; x[0] ; s[2] ;
; N/A   ; None              ; 9.922 ns        ; y[0] ; s[2] ;
; N/A   ; None              ; 9.918 ns        ; cin  ; s[3] ;
; N/A   ; None              ; 9.862 ns        ; cin  ; s[2] ;
; N/A   ; None              ; 9.827 ns        ; y[1] ; cout ;
; N/A   ; None              ; 9.811 ns        ; x[0] ; cout ;
; N/A   ; None              ; 9.783 ns        ; y[0] ; cout ;
; N/A   ; None              ; 9.745 ns        ; y[2] ; s[3] ;
; N/A   ; None              ; 9.723 ns        ; cin  ; cout ;
; N/A   ; None              ; 9.643 ns        ; x[2] ; s[3] ;
; N/A   ; None              ; 9.640 ns        ; y[2] ; s[2] ;
; N/A   ; None              ; 9.623 ns        ; y[3] ; s[3] ;
; N/A   ; None              ; 9.566 ns        ; x[1] ; s[1] ;
; N/A   ; None              ; 9.551 ns        ; x[2] ; s[2] ;
; N/A   ; None              ; 9.536 ns        ; y[2] ; cout ;
; N/A   ; None              ; 9.484 ns        ; x[0] ; s[1] ;
; N/A   ; None              ; 9.464 ns        ; y[3] ; cout ;
; N/A   ; None              ; 9.462 ns        ; x[3] ; s[3] ;
; N/A   ; None              ; 9.456 ns        ; y[0] ; s[1] ;
; N/A   ; None              ; 9.426 ns        ; x[2] ; cout ;
; N/A   ; None              ; 9.415 ns        ; y[1] ; s[1] ;
; N/A   ; None              ; 9.396 ns        ; cin  ; s[1] ;
; N/A   ; None              ; 9.316 ns        ; x[3] ; cout ;
; N/A   ; None              ; 8.672 ns        ; x[0] ; s[0] ;
; N/A   ; None              ; 8.662 ns        ; y[0] ; s[0] ;
; N/A   ; None              ; 8.597 ns        ; cin  ; s[0] ;
+-------+-------------------+-----------------+------+------+


+--------------------------+
; Timing Analyzer Messages ;
+--------------------------+
Info: *******************************************************************
Info: Running Quartus II Classic Timing Analyzer
    Info: Version 9.0 Build 184 04/29/2009 Service Pack 1 SJ Web Edition
    Info: Processing started: Tue Nov 17 16:53:18 2020
Info: Command: quartus_tan --read_settings_files=off --write_settings_files=off rca_4 -c rca_4 --timing_analysis_only
Info: Longest tpd from source pin "x[1]" to destination pin "s[3]" is 10.154 ns
    Info: 1: + IC(0.000 ns) + CELL(0.830 ns) = 0.830 ns; Loc. = PIN_U22; Fanout = 3; PIN Node = 'x[1]'
    Info: 2: + IC(4.240 ns) + CELL(0.545 ns) = 5.615 ns; Loc. = LCCOMB_X23_Y3_N2; Fanout = 2; COMB Node = '_~6'
    Info: 3: + IC(0.000 ns) + CELL(0.035 ns) = 5.650 ns; Loc. = LCCOMB_X23_Y3_N4; Fanout = 2; COMB Node = '_~10'
    Info: 4: + IC(0.000 ns) + CELL(0.125 ns) = 5.775 ns; Loc. = LCCOMB_X23_Y3_N6; Fanout = 1; COMB Node = '_~13'
    Info: 5: + IC(2.343 ns) + CELL(2.036 ns) = 10.154 ns; Loc. = PIN_D10; Fanout = 0; PIN Node = 's[3]'
    Info: Total cell delay = 3.571 ns ( 35.17 % )
    Info: Total interconnect delay = 6.583 ns ( 64.83 % )
Info: Quartus II Classic Timing Analyzer was successful. 0 errors, 0 warnings
    Info: Peak virtual memory: 199 megabytes
    Info: Processing ended: Tue Nov 17 16:53:18 2020
    Info: Elapsed time: 00:00:00
    Info: Total CPU time (on all processors): 00:00:00


